<?xml version="1.0" encoding="UTF-8"?>
<coverage generated="1647204470572" clover="3.2.0">
  <project timestamp="1647204470572" name="All files">
    <metrics statements="17" coveredstatements="17" conditionals="6" coveredconditionals="6" methods="7" coveredmethods="7" elements="30" coveredelements="30" complexity="0" loc="17" ncloc="17" packages="1" files="7" classes="7"/>
    <file name="bowman.js" path="D:\Netology\2021\task-JS4\Lesson_5\L5_t1\src\bowman.js">
      <metrics statements="1" coveredstatements="1" conditionals="0" coveredconditionals="0" methods="1" coveredmethods="1"/>
      <line num="5" count="1" type="stmt"/>
    </file>
    <file name="character.js" path="D:\Netology\2021\task-JS4\Lesson_5\L5_t1\src\character.js">
      <metrics statements="11" coveredstatements="11" conditionals="6" coveredconditionals="6" methods="1" coveredmethods="1"/>
      <line num="3" count="10" type="cond" truecount="4" falsecount="0"/>
      <line num="4" count="2" type="stmt"/>
      <line num="6" count="8" type="stmt"/>
      <line num="7" count="8" type="cond" truecount="2" falsecount="0"/>
      <line num="8" count="1" type="stmt"/>
      <line num="10" count="7" type="stmt"/>
      <line num="11" count="7" type="stmt"/>
      <line num="12" count="7" type="stmt"/>
      <line num="13" count="7" type="stmt"/>
      <line num="14" count="7" type="stmt"/>
      <line num="15" count="7" type="stmt"/>
    </file>
    <file name="daemon.js" path="D:\Netology\2021\task-JS4\Lesson_5\L5_t1\src\daemon.js">
      <metrics statements="1" coveredstatements="1" conditionals="0" coveredconditionals="0" methods="1" coveredmethods="1"/>
      <line num="5" count="1" type="stmt"/>
    </file>
    <file name="magician.js" path="D:\Netology\2021\task-JS4\Lesson_5\L5_t1\src\magician.js">
      <metrics statements="1" coveredstatements="1" conditionals="0" coveredconditionals="0" methods="1" coveredmethods="1"/>
      <line num="5" count="1" type="stmt"/>
    </file>
    <file name="swordsman.js" path="D:\Netology\2021\task-JS4\Lesson_5\L5_t1\src\swordsman.js">
      <metrics statements="1" coveredstatements="1" conditionals="0" coveredconditionals="0" methods="1" coveredmethods="1"/>
      <line num="5" count="1" type="stmt"/>
    </file>
    <file name="undead.js" path="D:\Netology\2021\task-JS4\Lesson_5\L5_t1\src\undead.js">
      <metrics statements="1" coveredstatements="1" conditionals="0" coveredconditionals="0" methods="1" coveredmethods="1"/>
      <line num="5" count="1" type="stmt"/>
    </file>
    <file name="zombie.js" path="D:\Netology\2021\task-JS4\Lesson_5\L5_t1\src\zombie.js">
      <metrics statements="1" coveredstatements="1" conditionals="0" coveredconditionals="0" methods="1" coveredmethods="1"/>
      <line num="5" count="1" type="stmt"/>
    </file>
  </project>
</coverage>
