{"D:\\Netology\\2021\\task-JS4\\Lesson_5\\L5_t1\\src\\bowman.js": {"path":"D:\\Netology\\2021\\task-JS4\\Lesson_5\\L5_t1\\src\\bowman.js","statementMap":{"0":{"start":{"line":5,"column":4},"end":{"line":5,"column":85}}},"fnMap":{"0":{"name":"(anonymous_0)","decl":{"start":{"line":4,"column":2},"end":{"line":4,"column":3}},"loc":{"start":{"line":4,"column":58},"end":{"line":6,"column":3}},"line":4}},"branchMap":{},"s":{"0":1},"f":{"0":1},"b":{},"_coverageSchema":"1a1c01bbd47fc00a2c39e90264f33305004495a9","hash":"de3de0cac8c4875aa2da53db1f8c39287c652d79"}
,"D:\\Netology\\2021\\task-JS4\\Lesson_5\\L5_t1\\src\\character.js": {"path":"D:\\Netology\\2021\\task-JS4\\Lesson_5\\L5_t1\\src\\character.js","statementMap":{"0":{"start":{"line":3,"column":4},"end":{"line":5,"column":5}},"1":{"start":{"line":4,"column":6},"end":{"line":4,"column":77}},"2":{"start":{"line":6,"column":16},"end":{"line":6,"column":81}},"3":{"start":{"line":7,"column":4},"end":{"line":9,"column":5}},"4":{"start":{"line":8,"column":6},"end":{"line":8,"column":120}},"5":{"start":{"line":10,"column":4},"end":{"line":10,"column":21}},"6":{"start":{"line":11,"column":4},"end":{"line":11,"column":21}},"7":{"start":{"line":12,"column":4},"end":{"line":12,"column":25}},"8":{"start":{"line":13,"column":4},"end":{"line":13,"column":23}},"9":{"start":{"line":14,"column":4},"end":{"line":14,"column":25}},"10":{"start":{"line":15,"column":4},"end":{"line":15,"column":27}}},"fnMap":{"0":{"name":"(anonymous_0)","decl":{"start":{"line":2,"column":2},"end":{"line":2,"column":3}},"loc":{"start":{"line":2,"column":58},"end":{"line":16,"column":3}},"line":2}},"branchMap":{"0":{"loc":{"start":{"line":3,"column":4},"end":{"line":5,"column":5}},"type":"if","locations":[{"start":{"line":3,"column":4},"end":{"line":5,"column":5}},{"start":{},"end":{}}],"line":3},"1":{"loc":{"start":{"line":3,"column":8},"end":{"line":3,"column":47}},"type":"binary-expr","locations":[{"start":{"line":3,"column":9},"end":{"line":3,"column":24}},{"start":{"line":3,"column":30},"end":{"line":3,"column":46}}],"line":3},"2":{"loc":{"start":{"line":7,"column":4},"end":{"line":9,"column":5}},"type":"if","locations":[{"start":{"line":7,"column":4},"end":{"line":9,"column":5}},{"start":{},"end":{}}],"line":7}},"s":{"0":10,"1":2,"2":8,"3":8,"4":1,"5":7,"6":7,"7":7,"8":7,"9":7,"10":7},"f":{"0":10},"b":{"0":[2,8],"1":[10,9],"2":[1,7]},"_coverageSchema":"1a1c01bbd47fc00a2c39e90264f33305004495a9","hash":"6df232838df8b230b660339705fe2c96401b7590"}
,"D:\\Netology\\2021\\task-JS4\\Lesson_5\\L5_t1\\src\\daemon.js": {"path":"D:\\Netology\\2021\\task-JS4\\Lesson_5\\L5_t1\\src\\daemon.js","statementMap":{"0":{"start":{"line":5,"column":4},"end":{"line":5,"column":85}}},"fnMap":{"0":{"name":"(anonymous_0)","decl":{"start":{"line":4,"column":2},"end":{"line":4,"column":3}},"loc":{"start":{"line":4,"column":58},"end":{"line":6,"column":3}},"line":4}},"branchMap":{},"s":{"0":1},"f":{"0":1},"b":{},"_coverageSchema":"1a1c01bbd47fc00a2c39e90264f33305004495a9","hash":"694a3da0c9d461a7a2b94abdea84cd74dbd0d9a2"}
,"D:\\Netology\\2021\\task-JS4\\Lesson_5\\L5_t1\\src\\magician.js": {"path":"D:\\Netology\\2021\\task-JS4\\Lesson_5\\L5_t1\\src\\magician.js","statementMap":{"0":{"start":{"line":5,"column":4},"end":{"line":5,"column":87}}},"fnMap":{"0":{"name":"(anonymous_0)","decl":{"start":{"line":4,"column":2},"end":{"line":4,"column":3}},"loc":{"start":{"line":4,"column":58},"end":{"line":6,"column":3}},"line":4}},"branchMap":{},"s":{"0":1},"f":{"0":1},"b":{},"_coverageSchema":"1a1c01bbd47fc00a2c39e90264f33305004495a9","hash":"aaa9bfd528536fe8c60b4f2986ce5ec6da2d008b"}
,"D:\\Netology\\2021\\task-JS4\\Lesson_5\\L5_t1\\src\\swordsman.js": {"path":"D:\\Netology\\2021\\task-JS4\\Lesson_5\\L5_t1\\src\\swordsman.js","statementMap":{"0":{"start":{"line":5,"column":4},"end":{"line":5,"column":88}}},"fnMap":{"0":{"name":"(anonymous_0)","decl":{"start":{"line":4,"column":2},"end":{"line":4,"column":3}},"loc":{"start":{"line":4,"column":58},"end":{"line":6,"column":3}},"line":4}},"branchMap":{},"s":{"0":1},"f":{"0":1},"b":{},"_coverageSchema":"1a1c01bbd47fc00a2c39e90264f33305004495a9","hash":"ddbec3fe4525011201651dff03705b7172435dd9"}
,"D:\\Netology\\2021\\task-JS4\\Lesson_5\\L5_t1\\src\\undead.js": {"path":"D:\\Netology\\2021\\task-JS4\\Lesson_5\\L5_t1\\src\\undead.js","statementMap":{"0":{"start":{"line":5,"column":4},"end":{"line":5,"column":85}}},"fnMap":{"0":{"name":"(anonymous_0)","decl":{"start":{"line":4,"column":2},"end":{"line":4,"column":3}},"loc":{"start":{"line":4,"column":58},"end":{"line":6,"column":3}},"line":4}},"branchMap":{},"s":{"0":1},"f":{"0":1},"b":{},"_coverageSchema":"1a1c01bbd47fc00a2c39e90264f33305004495a9","hash":"3227ddb2a6cee825725649a7ea3a7dc15d2eaefe"}
,"D:\\Netology\\2021\\task-JS4\\Lesson_5\\L5_t1\\src\\zombie.js": {"path":"D:\\Netology\\2021\\task-JS4\\Lesson_5\\L5_t1\\src\\zombie.js","statementMap":{"0":{"start":{"line":5,"column":4},"end":{"line":5,"column":85}}},"fnMap":{"0":{"name":"(anonymous_0)","decl":{"start":{"line":4,"column":2},"end":{"line":4,"column":3}},"loc":{"start":{"line":4,"column":58},"end":{"line":6,"column":3}},"line":4}},"branchMap":{},"s":{"0":1},"f":{"0":1},"b":{},"_coverageSchema":"1a1c01bbd47fc00a2c39e90264f33305004495a9","hash":"ce148ddcec052584bf567b7be303ff9301658df9"}
}
